<!DOCTYPE html PUBLIC "-//W3C//DTD XHTML 1.1//EN" "http://www.w3.org/TR/xhtml11/DTD/xhtml11.dtd">
<html xmlns="http://www.w3.org/1999/xhtml"><head><title>TestNG Report</title><style type="text/css">table {margin-bottom:10px;border-collapse:collapse;empty-cells:show}th,td {border:1px solid #009;padding:.25em .5em}th {vertical-align:bottom}td {vertical-align:top}table a {font-weight:bold}.stripe td {background-color: #E6EBF9}.num {text-align:right}.passedodd td {background-color: #3F3}.passedeven td {background-color: #0A0}.skippedodd td {background-color: #DDD}.skippedeven td {background-color: #CCC}.failedodd td,.attn {background-color: #F33}.failedeven td,.stripe .attn {background-color: #D00}.stacktrace {white-space:pre;font-family:monospace}.totop {font-size:85%;text-align:center;border-bottom:2px solid #000}</style></head><body><table><tr><th>Test</th><th># Passed</th><th># Skipped</th><th># Failed</th><th>Time (ms)</th><th>Included Groups</th><th>Excluded Groups</th></tr><tr><th colspan="7">Live Test Cases Suite</th></tr><tr><td><a href="#t0">Live Tests</a></td><td class="num">2</td><td class="num">0</td><td class="num attn">2</td><td class="num">455,096</td><td></td><td></td></tr></table><table><thead><tr><th>Class</th><th>Method</th><th>Start</th><th>Time (ms)</th></tr></thead><tbody><tr><th colspan="4">Live Test Cases Suite</th></tr></tbody><tbody id="t0"><tr><th colspan="4">Live Tests &#8212; failed</th></tr><tr class="failedeven"><td rowspan="1">com.SchoolOfDragons.LiveMembershipPageChecks.TestCase7</td><td><a href="#m0">ValidAuthorisedPlayerLogin</a></td><td rowspan="1">1463652295237</td><td rowspan="1">109061</td></tr><tr class="failedodd"><td rowspan="1">com.SchoolOfDragons.LiveMembershipPageChecks.TestCase8</td><td><a href="#m1">ValidAuthorisedPlayerLogin</a></td><td rowspan="1">1463652411235</td><td rowspan="1">111192</td></tr><tr><th colspan="4">Live Tests &#8212; passed</th></tr><tr class="passedeven"><td rowspan="1">com.SchoolOfDragons.LiveMembershipPageChecks.TestCase6</td><td><a href="#m2">ValidAuthorisedPlayerLogin</a></td><td rowspan="1">1463652187562</td><td rowspan="1">100881</td></tr><tr class="passedodd"><td rowspan="1">com.SchoolOfDragons.LiveMembershipPageChecks.TestCase9</td><td><a href="#m3">ValidAuthorisedPlayerLogin</a></td><td rowspan="1">1463652528812</td><td rowspan="1">97638</td></tr></tbody></table><h2>Live Tests</h2><h3 id="m0">com.SchoolOfDragons.LiveMembershipPageChecks.TestCase7#ValidAuthorisedPlayerLogin</h3><table class="result"><tr class="param"><th>Parameter #1</th></tr><tr class="param stripe"><td>Live Test Cases</td></tr><tr><th>Exception</th></tr><tr><td><div class="stacktrace">org.openqa.selenium.NoSuchElementException: Unable to locate element: {&quot;method&quot;:&quot;xpath&quot;,&quot;selector&quot;:&quot;.//*[@id=&apos;country&apos;]&quot;}
Command duration or timeout: 15.10 seconds
For documentation on this error, please visit: http://seleniumhq.org/exceptions/no_such_element.html
Build info: version: &apos;2.53.0&apos;, revision: &apos;35ae25b1534ae328c771e0856c93e187490ca824&apos;, time: &apos;2016-03-15 10:43:46&apos;
System info: host: &apos;KAI-DT136&apos;, ip: &apos;172.20.11.105&apos;, os.name: &apos;Windows 8.1&apos;, os.arch: &apos;amd64&apos;, os.version: &apos;6.3&apos;, java.version: &apos;1.8.0_77&apos;
Driver info: org.openqa.selenium.firefox.FirefoxDriver
Capabilities [{applicationCacheEnabled=true, rotatable=false, handlesAlerts=true, databaseEnabled=true, version=46.0.1, platform=WINDOWS, nativeEvents=false, acceptSslCerts=true, webStorageEnabled=true, locationContextEnabled=true, browserName=firefox, takesScreenshot=true, javascriptEnabled=true, cssSelectorsEnabled=true}]
Session ID: b1e744a1-e92d-4500-8e2e-264440c42d10
*** Element info: {Using=xpath, value=.//*[@id=&apos;country&apos;]}
	at org.openqa.selenium.remote.ErrorHandler.createThrowable(ErrorHandler.java:206)
	at org.openqa.selenium.remote.ErrorHandler.throwIfResponseFailed(ErrorHandler.java:158)
	at org.openqa.selenium.remote.RemoteWebDriver.execute(RemoteWebDriver.java:678)
	at org.openqa.selenium.remote.RemoteWebDriver.findElement(RemoteWebDriver.java:363)
	at org.openqa.selenium.remote.RemoteWebDriver.findElementByXPath(RemoteWebDriver.java:500)
	at org.openqa.selenium.By$ByXPath.findElement(By.java:361)
	at org.openqa.selenium.remote.RemoteWebDriver.findElement(RemoteWebDriver.java:355)
	at org.openqa.selenium.support.pagefactory.DefaultElementLocator.findElement(DefaultElementLocator.java:69)
	at org.openqa.selenium.support.pagefactory.internal.LocatingElementHandler.invoke(LocatingElementHandler.java:38)
	at com.sun.proxy.$Proxy10.isDisplayed(Unknown Source)
	at Pages.MembershipPage.verifyVisaForm(MembershipPage.java:530)
	at Pages.MembershipPage.verifySelectPaymentMethodDBandPaymentFormGeneralVisa(MembershipPage.java:668)
	at Pages.MembershipPage.verifyThreeMonthsSelectPaymentMethodDBandPaymentFormVisa(MembershipPage.java:864)
	at com.SchoolOfDragons.LiveMembershipPageChecks.TestCase7.ValidAuthorisedPlayerLogin(TestCase7.java:81)
Caused by: org.openqa.selenium.NoSuchElementException: Unable to locate element: {&quot;method&quot;:&quot;xpath&quot;,&quot;selector&quot;:&quot;.//*[@id=&apos;country&apos;]&quot;}
For documentation on this error, please visit: http://seleniumhq.org/exceptions/no_such_element.html
Build info: version: &apos;2.53.0&apos;, revision: &apos;35ae25b1534ae328c771e0856c93e187490ca824&apos;, time: &apos;2016-03-15 10:43:46&apos;
System info: host: &apos;KAI-DT136&apos;, ip: &apos;172.20.11.105&apos;, os.name: &apos;Windows 8.1&apos;, os.arch: &apos;amd64&apos;, os.version: &apos;6.3&apos;, java.version: &apos;1.8.0_77&apos;
Driver info: driver.version: unknown
	at &lt;anonymous class&gt;.FirefoxDriver.prototype.findElementInternal_(file:///C:/Users/SUBRAM~1/AppData/Local/Temp/anonymous619875099029203553webdriver-profile/extensions/fxdriver@googlecode.com/components/driver-component.js:10770)
	at &lt;anonymous class&gt;.fxdriver.Timer.prototype.setTimeout/&lt;.notify(file:///C:/Users/SUBRAM~1/AppData/Local/Temp/anonymous619875099029203553webdriver-profile/extensions/fxdriver@googlecode.com/components/driver-component.js:625)
... Removed 28 stack frames</div></td></tr></table><p class="totop"><a href="#summary">back to summary</a></p><h3 id="m1">com.SchoolOfDragons.LiveMembershipPageChecks.TestCase8#ValidAuthorisedPlayerLogin</h3><table class="result"><tr class="param"><th>Parameter #1</th></tr><tr class="param stripe"><td>Live Test Cases</td></tr><tr><th>Exception</th></tr><tr><td><div class="stacktrace">org.openqa.selenium.NoSuchElementException: Unable to locate element: {&quot;method&quot;:&quot;xpath&quot;,&quot;selector&quot;:&quot;.//*[@id=&apos;country&apos;]&quot;}
Command duration or timeout: 15.04 seconds
For documentation on this error, please visit: http://seleniumhq.org/exceptions/no_such_element.html
Build info: version: &apos;2.53.0&apos;, revision: &apos;35ae25b1534ae328c771e0856c93e187490ca824&apos;, time: &apos;2016-03-15 10:43:46&apos;
System info: host: &apos;KAI-DT136&apos;, ip: &apos;172.20.11.105&apos;, os.name: &apos;Windows 8.1&apos;, os.arch: &apos;amd64&apos;, os.version: &apos;6.3&apos;, java.version: &apos;1.8.0_77&apos;
Driver info: org.openqa.selenium.firefox.FirefoxDriver
Capabilities [{applicationCacheEnabled=true, rotatable=false, handlesAlerts=true, databaseEnabled=true, version=46.0.1, platform=WINDOWS, nativeEvents=false, acceptSslCerts=true, webStorageEnabled=true, locationContextEnabled=true, browserName=firefox, takesScreenshot=true, javascriptEnabled=true, cssSelectorsEnabled=true}]
Session ID: 3c476629-c791-474d-bdf4-f48fd6662863
*** Element info: {Using=xpath, value=.//*[@id=&apos;country&apos;]}
	at org.openqa.selenium.remote.ErrorHandler.createThrowable(ErrorHandler.java:206)
	at org.openqa.selenium.remote.ErrorHandler.throwIfResponseFailed(ErrorHandler.java:158)
	at org.openqa.selenium.remote.RemoteWebDriver.execute(RemoteWebDriver.java:678)
	at org.openqa.selenium.remote.RemoteWebDriver.findElement(RemoteWebDriver.java:363)
	at org.openqa.selenium.remote.RemoteWebDriver.findElementByXPath(RemoteWebDriver.java:500)
	at org.openqa.selenium.By$ByXPath.findElement(By.java:361)
	at org.openqa.selenium.remote.RemoteWebDriver.findElement(RemoteWebDriver.java:355)
	at org.openqa.selenium.support.pagefactory.DefaultElementLocator.findElement(DefaultElementLocator.java:69)
	at org.openqa.selenium.support.pagefactory.internal.LocatingElementHandler.invoke(LocatingElementHandler.java:38)
	at com.sun.proxy.$Proxy10.isDisplayed(Unknown Source)
	at Pages.MembershipPage.verifyVisaForm(MembershipPage.java:530)
	at Pages.MembershipPage.verifySelectPaymentMethodDBandPaymentFormGeneralVisa(MembershipPage.java:668)
	at Pages.MembershipPage.verifySixMonthsSelectPaymentMethodDBandPaymentFormVisa(MembershipPage.java:906)
	at com.SchoolOfDragons.LiveMembershipPageChecks.TestCase8.ValidAuthorisedPlayerLogin(TestCase8.java:80)
Caused by: org.openqa.selenium.NoSuchElementException: Unable to locate element: {&quot;method&quot;:&quot;xpath&quot;,&quot;selector&quot;:&quot;.//*[@id=&apos;country&apos;]&quot;}
For documentation on this error, please visit: http://seleniumhq.org/exceptions/no_such_element.html
Build info: version: &apos;2.53.0&apos;, revision: &apos;35ae25b1534ae328c771e0856c93e187490ca824&apos;, time: &apos;2016-03-15 10:43:46&apos;
System info: host: &apos;KAI-DT136&apos;, ip: &apos;172.20.11.105&apos;, os.name: &apos;Windows 8.1&apos;, os.arch: &apos;amd64&apos;, os.version: &apos;6.3&apos;, java.version: &apos;1.8.0_77&apos;
Driver info: driver.version: unknown
	at &lt;anonymous class&gt;.FirefoxDriver.prototype.findElementInternal_(file:///C:/Users/SUBRAM~1/AppData/Local/Temp/anonymous5657409484136761302webdriver-profile/extensions/fxdriver@googlecode.com/components/driver-component.js:10770)
	at &lt;anonymous class&gt;.fxdriver.Timer.prototype.setTimeout/&lt;.notify(file:///C:/Users/SUBRAM~1/AppData/Local/Temp/anonymous5657409484136761302webdriver-profile/extensions/fxdriver@googlecode.com/components/driver-component.js:625)
... Removed 28 stack frames</div></td></tr></table><p class="totop"><a href="#summary">back to summary</a></p><h3 id="m2">com.SchoolOfDragons.LiveMembershipPageChecks.TestCase6#ValidAuthorisedPlayerLogin</h3><table class="result"><tr class="param"><th>Parameter #1</th></tr><tr class="param stripe"><td>Live Test Cases</td></tr></table><p class="totop"><a href="#summary">back to summary</a></p><h3 id="m3">com.SchoolOfDragons.LiveMembershipPageChecks.TestCase9#ValidAuthorisedPlayerLogin</h3><table class="result"><tr class="param"><th>Parameter #1</th></tr><tr class="param stripe"><td>Live Test Cases</td></tr></table><p class="totop"><a href="#summary">back to summary</a></p></body></html>