<!DOCTYPE html>

<html>
  <head>
  <meta charset='utf-8'>
  <title>TestNG reports</title>

    <link type="text/css" href="testng-reports.css" rel="stylesheet" />  
    <script type="text/javascript" src="jquery-1.7.1.min.js"></script>
    <script type="text/javascript" src="testng-reports.js"></script>
    <script type="text/javascript" src="https://www.google.com/jsapi"></script>
    <script type='text/javascript'>
      google.load('visualization', '1', {packages:['table']});
      google.setOnLoadCallback(drawTable);
      var suiteTableInitFunctions = new Array();
      var suiteTableData = new Array();
    </script>
    <!--
      <script type="text/javascript" src="jquery-ui/js/jquery-ui-1.8.16.custom.min.js"></script>
     -->
  </head>

  <body>
    <div class="top-banner-root">
      <span class="top-banner-title-font">Test results</span>
      <br/>
      <span class="top-banner-font-1">1 suite, 2 failed tests</span>
    </div> <!-- top-banner-root -->
    <div class="navigator-root">
      <div class="navigator-suite-header">
        <span>All suites</span>
        <a href="#" class="collapse-all-link" title="Collapse/expand all the suites">
          <img class="collapse-all-icon" src="collapseall.gif">
          </img> <!-- collapse-all-icon -->
        </a> <!-- collapse-all-link -->
      </div> <!-- navigator-suite-header -->
      <div class="suite">
        <div class="rounded-window">
          <div class="suite-header light-rounded-window-top">
            <a href="#" class="navigator-link" panel-name="suite-Live_Test_Cases_Suite">
              <span class="suite-name border-failed">Live Test Cases Suite</span>
            </a> <!-- navigator-link -->
          </div> <!-- suite-header light-rounded-window-top -->
          <div class="navigator-suite-content">
            <div class="suite-section-title">
              <span>Info</span>
            </div> <!-- suite-section-title -->
            <div class="suite-section-content">
              <ul>
                <li>
                  <a href="#" class="navigator-link " panel-name="test-xml-Live_Test_Cases_Suite">
                    <span>D:\MyGitProjects\SchoolOfDragons-LiveMembershipPageChecks-TestCases\SchoolOfDragons - LiveMembershipPageChecks\SchoolOfDragons - Live - Select a Payment Method DB and Visa Form - testNG.xml</span>
                  </a> <!-- navigator-link  -->
                </li>
                <li>
                  <a href="#" class="navigator-link " panel-name="testlist-Live_Test_Cases_Suite">
                    <span class="test-stats">2 tests</span>
                  </a> <!-- navigator-link  -->
                </li>
                <li>
                  <a href="#" class="navigator-link " panel-name="group-Live_Test_Cases_Suite">
                    <span>0 groups</span>
                  </a> <!-- navigator-link  -->
                </li>
                <li>
                  <a href="#" class="navigator-link " panel-name="times-Live_Test_Cases_Suite">
                    <span>Times</span>
                  </a> <!-- navigator-link  -->
                </li>
                <li>
                  <a href="#" class="navigator-link " panel-name="reporter-Live_Test_Cases_Suite">
                    <span>Reporter output</span>
                  </a> <!-- navigator-link  -->
                </li>
                <li>
                  <a href="#" class="navigator-link " panel-name="ignored-methods-Live_Test_Cases_Suite">
                    <span>Ignored methods</span>
                  </a> <!-- navigator-link  -->
                </li>
                <li>
                  <a href="#" class="navigator-link " panel-name="chronological-Live_Test_Cases_Suite">
                    <span>Chronological view</span>
                  </a> <!-- navigator-link  -->
                </li>
              </ul>
            </div> <!-- suite-section-content -->
            <div class="result-section">
              <div class="suite-section-title">
                <span>Results</span>
              </div> <!-- suite-section-title -->
              <div class="suite-section-content">
                <ul>
                  <li>
                    <span class="method-stats">4 methods, 2 failed,   2 passed</span>
                  </li>
                  <li>
                    <span class="method-list-title failed">Failed methods</span>
                    <span class="show-or-hide-methods failed">
                      <a href="#" panel-name="suite-Live_Test_Cases_Suite" class="hide-methods failed suite-Live_Test_Cases_Suite"> (hide)</a> <!-- hide-methods failed suite-Live_Test_Cases_Suite -->
                      <a href="#" panel-name="suite-Live_Test_Cases_Suite" class="show-methods failed suite-Live_Test_Cases_Suite"> (show)</a> <!-- show-methods failed suite-Live_Test_Cases_Suite -->
                    </span>
                    <div class="method-list-content failed suite-Live_Test_Cases_Suite">
                      <span>
                        <img width="3%" src="failed.png"/>
                        <a href="#" class="method navigator-link" panel-name="suite-Live_Test_Cases_Suite" title="com.SchoolOfDragons.LiveMembershipPageChecks.TestCase8" hash-for-method="ValidAuthorisedPlayerLogin(Live Test Cases)">ValidAuthorisedPlayerLogin(Live Test Cases)</a> <!-- method navigator-link -->
                      </span>
                      <br/>
                      <span>
                        <img width="3%" src="failed.png"/>
                        <a href="#" class="method navigator-link" panel-name="suite-Live_Test_Cases_Suite" title="com.SchoolOfDragons.LiveMembershipPageChecks.TestCase7" hash-for-method="ValidAuthorisedPlayerLogin(Live Test Cases)">ValidAuthorisedPlayerLogin(Live Test Cases)</a> <!-- method navigator-link -->
                      </span>
                      <br/>
                    </div> <!-- method-list-content failed suite-Live_Test_Cases_Suite -->
                  </li>
                  <li>
                    <span class="method-list-title passed">Passed methods</span>
                    <span class="show-or-hide-methods passed">
                      <a href="#" panel-name="suite-Live_Test_Cases_Suite" class="hide-methods passed suite-Live_Test_Cases_Suite"> (hide)</a> <!-- hide-methods passed suite-Live_Test_Cases_Suite -->
                      <a href="#" panel-name="suite-Live_Test_Cases_Suite" class="show-methods passed suite-Live_Test_Cases_Suite"> (show)</a> <!-- show-methods passed suite-Live_Test_Cases_Suite -->
                    </span>
                    <div class="method-list-content passed suite-Live_Test_Cases_Suite">
                      <span>
                        <img width="3%" src="passed.png"/>
                        <a href="#" class="method navigator-link" panel-name="suite-Live_Test_Cases_Suite" title="com.SchoolOfDragons.LiveMembershipPageChecks.TestCase6" hash-for-method="ValidAuthorisedPlayerLogin(Live Test Cases)">ValidAuthorisedPlayerLogin(Live Test Cases)</a> <!-- method navigator-link -->
                      </span>
                      <br/>
                      <span>
                        <img width="3%" src="passed.png"/>
                        <a href="#" class="method navigator-link" panel-name="suite-Live_Test_Cases_Suite" title="com.SchoolOfDragons.LiveMembershipPageChecks.TestCase9" hash-for-method="ValidAuthorisedPlayerLogin(Live Test Cases)">ValidAuthorisedPlayerLogin(Live Test Cases)</a> <!-- method navigator-link -->
                      </span>
                      <br/>
                    </div> <!-- method-list-content passed suite-Live_Test_Cases_Suite -->
                  </li>
                </ul>
              </div> <!-- suite-section-content -->
            </div> <!-- result-section -->
          </div> <!-- navigator-suite-content -->
        </div> <!-- rounded-window -->
      </div> <!-- suite -->
    </div> <!-- navigator-root -->
    <div class="wrapper">
      <div class="main-panel-root">
        <div panel-name="suite-Live_Test_Cases_Suite" class="panel Live_Test_Cases_Suite">
          <div class="suite-Live_Test_Cases_Suite-class-failed">
            <div class="main-panel-header rounded-window-top">
              <img src="failed.png"/>
              <span class="class-name">com.SchoolOfDragons.LiveMembershipPageChecks.TestCase7</span>
            </div> <!-- main-panel-header rounded-window-top -->
            <div class="main-panel-content rounded-window-bottom">
              <div class="method">
                <div class="method-content">
                  <a name="ValidAuthorisedPlayerLogin(Live Test Cases)">
                  </a> <!-- ValidAuthorisedPlayerLogin(Live Test Cases) -->
                  <span class="method-name">ValidAuthorisedPlayerLogin</span>
                  <span class="parameters">(Live Test Cases)</span>
                  <div class="stack-trace">org.openqa.selenium.NoSuchElementException: Unable to locate element: {&quot;method&quot;:&quot;xpath&quot;,&quot;selector&quot;:&quot;.//*[@id=&apos;country&apos;]&quot;}
Command duration or timeout: 15.10 seconds
For documentation on this error, please visit: http://seleniumhq.org/exceptions/no_such_element.html
Build info: version: &apos;2.53.0&apos;, revision: &apos;35ae25b1534ae328c771e0856c93e187490ca824&apos;, time: &apos;2016-03-15 10:43:46&apos;
System info: host: &apos;KAI-DT136&apos;, ip: &apos;172.20.11.105&apos;, os.name: &apos;Windows 8.1&apos;, os.arch: &apos;amd64&apos;, os.version: &apos;6.3&apos;, java.version: &apos;1.8.0_77&apos;
Driver info: org.openqa.selenium.firefox.FirefoxDriver
Capabilities [{applicationCacheEnabled=true, rotatable=false, handlesAlerts=true, databaseEnabled=true, version=46.0.1, platform=WINDOWS, nativeEvents=false, acceptSslCerts=true, webStorageEnabled=true, locationContextEnabled=true, browserName=firefox, takesScreenshot=true, javascriptEnabled=true, cssSelectorsEnabled=true}]
Session ID: b1e744a1-e92d-4500-8e2e-264440c42d10
*** Element info: {Using=xpath, value=.//*[@id=&apos;country&apos;]}
	at org.openqa.selenium.remote.ErrorHandler.createThrowable(ErrorHandler.java:206)
	at org.openqa.selenium.remote.ErrorHandler.throwIfResponseFailed(ErrorHandler.java:158)
	at org.openqa.selenium.remote.RemoteWebDriver.execute(RemoteWebDriver.java:678)
	at org.openqa.selenium.remote.RemoteWebDriver.findElement(RemoteWebDriver.java:363)
	at org.openqa.selenium.remote.RemoteWebDriver.findElementByXPath(RemoteWebDriver.java:500)
	at org.openqa.selenium.By$ByXPath.findElement(By.java:361)
	at org.openqa.selenium.remote.RemoteWebDriver.findElement(RemoteWebDriver.java:355)
	at org.openqa.selenium.support.pagefactory.DefaultElementLocator.findElement(DefaultElementLocator.java:69)
	at org.openqa.selenium.support.pagefactory.internal.LocatingElementHandler.invoke(LocatingElementHandler.java:38)
	at com.sun.proxy.$Proxy10.isDisplayed(Unknown Source)
	at Pages.MembershipPage.verifyVisaForm(MembershipPage.java:530)
	at Pages.MembershipPage.verifySelectPaymentMethodDBandPaymentFormGeneralVisa(MembershipPage.java:668)
	at Pages.MembershipPage.verifyThreeMonthsSelectPaymentMethodDBandPaymentFormVisa(MembershipPage.java:864)
	at com.SchoolOfDragons.LiveMembershipPageChecks.TestCase7.ValidAuthorisedPlayerLogin(TestCase7.java:81)
Caused by: org.openqa.selenium.NoSuchElementException: Unable to locate element: {&quot;method&quot;:&quot;xpath&quot;,&quot;selector&quot;:&quot;.//*[@id=&apos;country&apos;]&quot;}
For documentation on this error, please visit: http://seleniumhq.org/exceptions/no_such_element.html
Build info: version: &apos;2.53.0&apos;, revision: &apos;35ae25b1534ae328c771e0856c93e187490ca824&apos;, time: &apos;2016-03-15 10:43:46&apos;
System info: host: &apos;KAI-DT136&apos;, ip: &apos;172.20.11.105&apos;, os.name: &apos;Windows 8.1&apos;, os.arch: &apos;amd64&apos;, os.version: &apos;6.3&apos;, java.version: &apos;1.8.0_77&apos;
Driver info: driver.version: unknown
	at &lt;anonymous class&gt;.FirefoxDriver.prototype.findElementInternal_(file:///C:/Users/SUBRAM~1/AppData/Local/Temp/anonymous619875099029203553webdriver-profile/extensions/fxdriver@googlecode.com/components/driver-component.js:10770)
	at &lt;anonymous class&gt;.fxdriver.Timer.prototype.setTimeout/&lt;.notify(file:///C:/Users/SUBRAM~1/AppData/Local/Temp/anonymous619875099029203553webdriver-profile/extensions/fxdriver@googlecode.com/components/driver-component.js:625)
... Removed 28 stack frames
</div> <!-- stack-trace -->
                </div> <!-- method-content -->
              </div> <!-- method -->
            </div> <!-- main-panel-content rounded-window-bottom -->
          </div> <!-- suite-Live_Test_Cases_Suite-class-failed -->
          <div class="suite-Live_Test_Cases_Suite-class-failed">
            <div class="main-panel-header rounded-window-top">
              <img src="failed.png"/>
              <span class="class-name">com.SchoolOfDragons.LiveMembershipPageChecks.TestCase8</span>
            </div> <!-- main-panel-header rounded-window-top -->
            <div class="main-panel-content rounded-window-bottom">
              <div class="method">
                <div class="method-content">
                  <a name="ValidAuthorisedPlayerLogin(Live Test Cases)">
                  </a> <!-- ValidAuthorisedPlayerLogin(Live Test Cases) -->
                  <span class="method-name">ValidAuthorisedPlayerLogin</span>
                  <span class="parameters">(Live Test Cases)</span>
                  <div class="stack-trace">org.openqa.selenium.NoSuchElementException: Unable to locate element: {&quot;method&quot;:&quot;xpath&quot;,&quot;selector&quot;:&quot;.//*[@id=&apos;country&apos;]&quot;}
Command duration or timeout: 15.04 seconds
For documentation on this error, please visit: http://seleniumhq.org/exceptions/no_such_element.html
Build info: version: &apos;2.53.0&apos;, revision: &apos;35ae25b1534ae328c771e0856c93e187490ca824&apos;, time: &apos;2016-03-15 10:43:46&apos;
System info: host: &apos;KAI-DT136&apos;, ip: &apos;172.20.11.105&apos;, os.name: &apos;Windows 8.1&apos;, os.arch: &apos;amd64&apos;, os.version: &apos;6.3&apos;, java.version: &apos;1.8.0_77&apos;
Driver info: org.openqa.selenium.firefox.FirefoxDriver
Capabilities [{applicationCacheEnabled=true, rotatable=false, handlesAlerts=true, databaseEnabled=true, version=46.0.1, platform=WINDOWS, nativeEvents=false, acceptSslCerts=true, webStorageEnabled=true, locationContextEnabled=true, browserName=firefox, takesScreenshot=true, javascriptEnabled=true, cssSelectorsEnabled=true}]
Session ID: 3c476629-c791-474d-bdf4-f48fd6662863
*** Element info: {Using=xpath, value=.//*[@id=&apos;country&apos;]}
	at org.openqa.selenium.remote.ErrorHandler.createThrowable(ErrorHandler.java:206)
	at org.openqa.selenium.remote.ErrorHandler.throwIfResponseFailed(ErrorHandler.java:158)
	at org.openqa.selenium.remote.RemoteWebDriver.execute(RemoteWebDriver.java:678)
	at org.openqa.selenium.remote.RemoteWebDriver.findElement(RemoteWebDriver.java:363)
	at org.openqa.selenium.remote.RemoteWebDriver.findElementByXPath(RemoteWebDriver.java:500)
	at org.openqa.selenium.By$ByXPath.findElement(By.java:361)
	at org.openqa.selenium.remote.RemoteWebDriver.findElement(RemoteWebDriver.java:355)
	at org.openqa.selenium.support.pagefactory.DefaultElementLocator.findElement(DefaultElementLocator.java:69)
	at org.openqa.selenium.support.pagefactory.internal.LocatingElementHandler.invoke(LocatingElementHandler.java:38)
	at com.sun.proxy.$Proxy10.isDisplayed(Unknown Source)
	at Pages.MembershipPage.verifyVisaForm(MembershipPage.java:530)
	at Pages.MembershipPage.verifySelectPaymentMethodDBandPaymentFormGeneralVisa(MembershipPage.java:668)
	at Pages.MembershipPage.verifySixMonthsSelectPaymentMethodDBandPaymentFormVisa(MembershipPage.java:906)
	at com.SchoolOfDragons.LiveMembershipPageChecks.TestCase8.ValidAuthorisedPlayerLogin(TestCase8.java:80)
Caused by: org.openqa.selenium.NoSuchElementException: Unable to locate element: {&quot;method&quot;:&quot;xpath&quot;,&quot;selector&quot;:&quot;.//*[@id=&apos;country&apos;]&quot;}
For documentation on this error, please visit: http://seleniumhq.org/exceptions/no_such_element.html
Build info: version: &apos;2.53.0&apos;, revision: &apos;35ae25b1534ae328c771e0856c93e187490ca824&apos;, time: &apos;2016-03-15 10:43:46&apos;
System info: host: &apos;KAI-DT136&apos;, ip: &apos;172.20.11.105&apos;, os.name: &apos;Windows 8.1&apos;, os.arch: &apos;amd64&apos;, os.version: &apos;6.3&apos;, java.version: &apos;1.8.0_77&apos;
Driver info: driver.version: unknown
	at &lt;anonymous class&gt;.FirefoxDriver.prototype.findElementInternal_(file:///C:/Users/SUBRAM~1/AppData/Local/Temp/anonymous5657409484136761302webdriver-profile/extensions/fxdriver@googlecode.com/components/driver-component.js:10770)
	at &lt;anonymous class&gt;.fxdriver.Timer.prototype.setTimeout/&lt;.notify(file:///C:/Users/SUBRAM~1/AppData/Local/Temp/anonymous5657409484136761302webdriver-profile/extensions/fxdriver@googlecode.com/components/driver-component.js:625)
... Removed 28 stack frames
</div> <!-- stack-trace -->
                </div> <!-- method-content -->
              </div> <!-- method -->
            </div> <!-- main-panel-content rounded-window-bottom -->
          </div> <!-- suite-Live_Test_Cases_Suite-class-failed -->
          <div class="suite-Live_Test_Cases_Suite-class-passed">
            <div class="main-panel-header rounded-window-top">
              <img src="passed.png"/>
              <span class="class-name">com.SchoolOfDragons.LiveMembershipPageChecks.TestCase9</span>
            </div> <!-- main-panel-header rounded-window-top -->
            <div class="main-panel-content rounded-window-bottom">
              <div class="method">
                <div class="method-content">
                  <a name="ValidAuthorisedPlayerLogin(Live Test Cases)">
                  </a> <!-- ValidAuthorisedPlayerLogin(Live Test Cases) -->
                  <span class="method-name">ValidAuthorisedPlayerLogin</span>
                  <span class="parameters">(Live Test Cases)</span>
                </div> <!-- method-content -->
              </div> <!-- method -->
            </div> <!-- main-panel-content rounded-window-bottom -->
          </div> <!-- suite-Live_Test_Cases_Suite-class-passed -->
          <div class="suite-Live_Test_Cases_Suite-class-passed">
            <div class="main-panel-header rounded-window-top">
              <img src="passed.png"/>
              <span class="class-name">com.SchoolOfDragons.LiveMembershipPageChecks.TestCase6</span>
            </div> <!-- main-panel-header rounded-window-top -->
            <div class="main-panel-content rounded-window-bottom">
              <div class="method">
                <div class="method-content">
                  <a name="ValidAuthorisedPlayerLogin(Live Test Cases)">
                  </a> <!-- ValidAuthorisedPlayerLogin(Live Test Cases) -->
                  <span class="method-name">ValidAuthorisedPlayerLogin</span>
                  <span class="parameters">(Live Test Cases)</span>
                </div> <!-- method-content -->
              </div> <!-- method -->
            </div> <!-- main-panel-content rounded-window-bottom -->
          </div> <!-- suite-Live_Test_Cases_Suite-class-passed -->
        </div> <!-- panel Live_Test_Cases_Suite -->
        <div panel-name="test-xml-Live_Test_Cases_Suite" class="panel">
          <div class="main-panel-header rounded-window-top">
            <span class="header-content">D:\MyGitProjects\SchoolOfDragons-LiveMembershipPageChecks-TestCases\SchoolOfDragons - LiveMembershipPageChecks\SchoolOfDragons - Live - Select a Payment Method DB and Visa Form - testNG.xml</span>
          </div> <!-- main-panel-header rounded-window-top -->
          <div class="main-panel-content rounded-window-bottom">
            <pre>
&lt;?xml version=&quot;1.0&quot; encoding=&quot;UTF-8&quot;?&gt;
&lt;!DOCTYPE suite SYSTEM &quot;http://testng.org/testng-1.0.dtd&quot;&gt;
&lt;suite guice-stage=&quot;DEVELOPMENT&quot; name=&quot;Live Test Cases Suite&quot;&gt;
  &lt;parameter name=&quot;Category&quot; value=&quot;Live Test Cases&quot;/&gt;
  &lt;test name=&quot;Live Tests&quot;&gt;
    &lt;classes&gt;
      &lt;class name=&quot;com.SchoolOfDragons.LiveMembershipPageChecks.TestCase6&quot;/&gt;
      &lt;class name=&quot;com.SchoolOfDragons.LiveMembershipPageChecks.TestCase7&quot;/&gt;
      &lt;class name=&quot;com.SchoolOfDragons.LiveMembershipPageChecks.TestCase8&quot;/&gt;
      &lt;class name=&quot;com.SchoolOfDragons.LiveMembershipPageChecks.TestCase9&quot;/&gt;
    &lt;/classes&gt;
  &lt;/test&gt; &lt;!-- Live Tests --&gt;
  &lt;test name=&quot;Live Tests(failed)&quot;&gt;
    &lt;classes&gt;
      &lt;class name=&quot;com.SchoolOfDragons.LiveMembershipPageChecks.TestCase9&quot;&gt;
        &lt;methods&gt;
          &lt;include name=&quot;tearDown&quot;/&gt;
          &lt;include name=&quot;setUp&quot;/&gt;
          &lt;include name=&quot;afterTest&quot;/&gt;
        &lt;/methods&gt;
      &lt;/class&gt; &lt;!-- com.SchoolOfDragons.LiveMembershipPageChecks.TestCase9 --&gt;
      &lt;class name=&quot;com.SchoolOfDragons.LiveMembershipPageChecks.TestCase7&quot;&gt;
        &lt;methods&gt;
          &lt;include name=&quot;afterTest&quot;/&gt;
          &lt;include name=&quot;setUp&quot;/&gt;
          &lt;include name=&quot;ValidAuthorisedPlayerLogin&quot; invocation-numbers=&quot;0&quot;/&gt;
          &lt;include name=&quot;tearDown&quot;/&gt;
        &lt;/methods&gt;
      &lt;/class&gt; &lt;!-- com.SchoolOfDragons.LiveMembershipPageChecks.TestCase7 --&gt;
      &lt;class name=&quot;com.SchoolOfDragons.LiveMembershipPageChecks.TestCase8&quot;&gt;
        &lt;methods&gt;
          &lt;include name=&quot;setUp&quot;/&gt;
          &lt;include name=&quot;afterTest&quot;/&gt;
          &lt;include name=&quot;ValidAuthorisedPlayerLogin&quot; invocation-numbers=&quot;0&quot;/&gt;
          &lt;include name=&quot;tearDown&quot;/&gt;
        &lt;/methods&gt;
      &lt;/class&gt; &lt;!-- com.SchoolOfDragons.LiveMembershipPageChecks.TestCase8 --&gt;
      &lt;class name=&quot;com.SchoolOfDragons.LiveMembershipPageChecks.TestCase6&quot;&gt;
        &lt;methods&gt;
          &lt;include name=&quot;printReportPath&quot;/&gt;
          &lt;include name=&quot;setUp&quot;/&gt;
          &lt;include name=&quot;afterTest&quot;/&gt;
          &lt;include name=&quot;tearDown&quot;/&gt;
        &lt;/methods&gt;
      &lt;/class&gt; &lt;!-- com.SchoolOfDragons.LiveMembershipPageChecks.TestCase6 --&gt;
    &lt;/classes&gt;
  &lt;/test&gt; &lt;!-- Live Tests(failed) --&gt;
&lt;/suite&gt; &lt;!-- Live Test Cases Suite --&gt;
            </pre>
          </div> <!-- main-panel-content rounded-window-bottom -->
        </div> <!-- panel -->
        <div panel-name="testlist-Live_Test_Cases_Suite" class="panel">
          <div class="main-panel-header rounded-window-top">
            <span class="header-content">Tests for Live Test Cases Suite</span>
          </div> <!-- main-panel-header rounded-window-top -->
          <div class="main-panel-content rounded-window-bottom">
            <ul>
              <li>
                <span class="test-name">Live Tests (4 classes)</span>
              </li>
              <li>
                <span class="test-name">Live Tests(failed) (4 classes)</span>
              </li>
            </ul>
          </div> <!-- main-panel-content rounded-window-bottom -->
        </div> <!-- panel -->
        <div panel-name="group-Live_Test_Cases_Suite" class="panel">
          <div class="main-panel-header rounded-window-top">
            <span class="header-content">Groups for Live Test Cases Suite</span>
          </div> <!-- main-panel-header rounded-window-top -->
          <div class="main-panel-content rounded-window-bottom">
          </div> <!-- main-panel-content rounded-window-bottom -->
        </div> <!-- panel -->
        <div panel-name="times-Live_Test_Cases_Suite" class="panel">
          <div class="main-panel-header rounded-window-top">
            <span class="header-content">Times for Live Test Cases Suite</span>
          </div> <!-- main-panel-header rounded-window-top -->
          <div class="main-panel-content rounded-window-bottom">
            <div class="times-div">
              <script type="text/javascript">
suiteTableInitFunctions.push('tableData_Live_Test_Cases_Suite');
function tableData_Live_Test_Cases_Suite() {
var data = new google.visualization.DataTable();
data.addColumn('number', 'Number');
data.addColumn('string', 'Method');
data.addColumn('string', 'Class');
data.addColumn('number', 'Time (ms)');
data.addRows(4);
data.setCell(0, 0, 0)
data.setCell(0, 1, 'ValidAuthorisedPlayerLogin')
data.setCell(0, 2, 'com.SchoolOfDragons.LiveMembershipPageChecks.TestCase8')
data.setCell(0, 3, 111192);
data.setCell(1, 0, 1)
data.setCell(1, 1, 'ValidAuthorisedPlayerLogin')
data.setCell(1, 2, 'com.SchoolOfDragons.LiveMembershipPageChecks.TestCase7')
data.setCell(1, 3, 109061);
data.setCell(2, 0, 2)
data.setCell(2, 1, 'ValidAuthorisedPlayerLogin')
data.setCell(2, 2, 'com.SchoolOfDragons.LiveMembershipPageChecks.TestCase6')
data.setCell(2, 3, 100881);
data.setCell(3, 0, 3)
data.setCell(3, 1, 'ValidAuthorisedPlayerLogin')
data.setCell(3, 2, 'com.SchoolOfDragons.LiveMembershipPageChecks.TestCase9')
data.setCell(3, 3, 97638);
window.suiteTableData['Live_Test_Cases_Suite']= { tableData: data, tableDiv: 'times-div-Live_Test_Cases_Suite'}
return data;
}
              </script>
              <span class="suite-total-time">Total running time: 6 minutes</span>
              <div id="times-div-Live_Test_Cases_Suite">
              </div> <!-- times-div-Live_Test_Cases_Suite -->
            </div> <!-- times-div -->
          </div> <!-- main-panel-content rounded-window-bottom -->
        </div> <!-- panel -->
        <div panel-name="reporter-Live_Test_Cases_Suite" class="panel">
          <div class="main-panel-header rounded-window-top">
            <span class="header-content">Reporter output for Live Test Cases Suite</span>
          </div> <!-- main-panel-header rounded-window-top -->
          <div class="main-panel-content rounded-window-bottom">
          </div> <!-- main-panel-content rounded-window-bottom -->
        </div> <!-- panel -->
        <div panel-name="ignored-methods-Live_Test_Cases_Suite" class="panel">
          <div class="main-panel-header rounded-window-top">
            <span class="header-content">0 ignored methods</span>
          </div> <!-- main-panel-header rounded-window-top -->
          <div class="main-panel-content rounded-window-bottom">
          </div> <!-- main-panel-content rounded-window-bottom -->
        </div> <!-- panel -->
        <div panel-name="chronological-Live_Test_Cases_Suite" class="panel">
          <div class="main-panel-header rounded-window-top">
            <span class="header-content">Methods in chronological order</span>
          </div> <!-- main-panel-header rounded-window-top -->
          <div class="main-panel-content rounded-window-bottom">
            <div class="chronological-class">
              <div class="chronological-class-name">com.SchoolOfDragons.LiveMembershipPageChecks.TestCase6</div> <!-- chronological-class-name -->
              <div class="configuration-class before">
                <span class="method-name">setUp</span>
                <span class="method-start">0 ms</span>
              </div> <!-- configuration-class before -->
              <div class="test-method">
                <span class="method-name">ValidAuthorisedPlayerLogin(Live Test Cases)</span>
                <span class="method-start">11333 ms</span>
              </div> <!-- test-method -->
              <div class="configuration-method after">
                <span class="method-name">afterTest([TestResult name=ValidAuthorisedPlayerLogin status=SUCCESS method=TestCase6.ValidAuthorisedPlayerLog...)</span>
                <span class="method-start">112237 ms</span>
              </div> <!-- configuration-method after -->
              <div class="configuration-class after">
                <span class="method-name">tearDown</span>
                <span class="method-start">112238 ms</span>
              </div> <!-- configuration-class after -->
            </div> <!-- chronological-class -->
            <div class="chronological-class">
              <div class="chronological-class-name">com.SchoolOfDragons.LiveMembershipPageChecks.TestCase7</div> <!-- chronological-class-name -->
              <div class="configuration-class before">
                <span class="method-name">setUp</span>
                <span class="method-start">112961 ms</span>
              </div> <!-- configuration-class before -->
              <div class="test-method">
                <img src="failed.png">
                </img>
                <span class="method-name">ValidAuthorisedPlayerLogin(Live Test Cases)</span>
                <span class="method-start">119008 ms</span>
              </div> <!-- test-method -->
              <div class="configuration-method after">
                <span class="method-name">afterTest([TestResult name=ValidAuthorisedPlayerLogin status=FAILURE method=TestCase7.ValidAuthorisedPlayerLog...)</span>
                <span class="method-start">228085 ms</span>
              </div> <!-- configuration-method after -->
              <div class="configuration-class after">
                <span class="method-name">tearDown</span>
                <span class="method-start">228652 ms</span>
              </div> <!-- configuration-class after -->
            </div> <!-- chronological-class -->
            <div class="chronological-class">
              <div class="chronological-class-name">com.SchoolOfDragons.LiveMembershipPageChecks.TestCase8</div> <!-- chronological-class-name -->
              <div class="configuration-class before">
                <span class="method-name">setUp</span>
                <span class="method-start">229427 ms</span>
              </div> <!-- configuration-class before -->
              <div class="test-method">
                <img src="failed.png">
                </img>
                <span class="method-name">ValidAuthorisedPlayerLogin(Live Test Cases)</span>
                <span class="method-start">235006 ms</span>
              </div> <!-- test-method -->
              <div class="configuration-method after">
                <span class="method-name">afterTest([TestResult name=ValidAuthorisedPlayerLogin status=FAILURE method=TestCase8.ValidAuthorisedPlayerLog...)</span>
                <span class="method-start">346214 ms</span>
              </div> <!-- configuration-method after -->
              <div class="configuration-class after">
                <span class="method-name">tearDown</span>
                <span class="method-start">346776 ms</span>
              </div> <!-- configuration-class after -->
            </div> <!-- chronological-class -->
            <div class="chronological-class">
              <div class="chronological-class-name">com.SchoolOfDragons.LiveMembershipPageChecks.TestCase9</div> <!-- chronological-class-name -->
              <div class="configuration-class before">
                <span class="method-name">setUp</span>
                <span class="method-start">347549 ms</span>
              </div> <!-- configuration-class before -->
              <div class="test-method">
                <span class="method-name">ValidAuthorisedPlayerLogin(Live Test Cases)</span>
                <span class="method-start">352583 ms</span>
              </div> <!-- test-method -->
              <div class="configuration-method after">
                <span class="method-name">afterTest([TestResult name=ValidAuthorisedPlayerLogin status=SUCCESS method=TestCase9.ValidAuthorisedPlayerLog...)</span>
                <span class="method-start">450221 ms</span>
              </div> <!-- configuration-method after -->
              <div class="configuration-class after">
                <span class="method-name">tearDown</span>
                <span class="method-start">450221 ms</span>
              </div> <!-- configuration-class after -->
            </div> <!-- chronological-class -->
            <div class="chronological-class">
              <div class="chronological-class-name">com.SchoolOfDragons.LiveMembershipPageChecks.TestCase6</div> <!-- chronological-class-name -->
              <div class="configuration-test after">
                <span class="method-name">printReportPath</span>
                <span class="method-start">450267 ms</span>
              </div> <!-- configuration-test after -->
          </div> <!-- main-panel-content rounded-window-bottom -->
        </div> <!-- panel -->
      </div> <!-- main-panel-root -->
    </div> <!-- wrapper -->
  </body>
</html>
